<?xml version="1.0" encoding="UTF-8"?><testsuite errors="1" failures="0" name="SMS Log comparision between Wechatify and Salesforce DE" skipped="0" tests="2" time="39.71" timestamp="2020-03-05T19:52:26.318+05:30[Asia/Calcutta]"><testcase name="Login into Salesforce"/><testcase name="Log comparision between Wechatify and Salesforce DE"><error type="java.lang.NullPointerException"/><system-err>null&#13;
automation.pages.CommonPage.parentMenuSelection(CommonPage.java:84)&#13;
automation.steps.CommonSteps.select_from_the_parent_menu(CommonSteps.java:28)&#13;
✽.select "Audience" from the parent menu(src/test/resources/features/smsSFLog.featue:10)&#13;
</system-err></testcase></testsuite>